d:\todo\рт\4 семестр\прога\project\game\build\debug\vc120.pdb
d:\todo\рт\4 семестр\прога\project\game\build\debug\vc120.idb
d:\todo\рт\4 семестр\прога\project\game\build\debug\boy.obj
d:\todo\рт\4 семестр\прога\project\game\build\debug\gamesystem.obj
d:\todo\рт\4 семестр\прога\project\game\build\debug\main.obj
d:\todo\рт\4 семестр\прога\project\game\build\debug\sprite.obj
d:\todo\рт\4 семестр\прога\project\game\build\debug\vector2f.obj
d:\todo\рт\4 семестр\прога\project\game\build\debug\staticobj.obj
d:\todo\рт\4 семестр\прога\project\game\bin\game.ilk
d:\todo\рт\4 семестр\прога\project\game\bin\game.exe
d:\todo\рт\4 семестр\прога\project\game\bin\game.pdb
d:\todo\рт\4 семестр\прога\project\game111\build\debug\boy.obj
d:\todo\рт\4 семестр\прога\project\game111\build\debug\gamesystem.obj
d:\todo\рт\4 семестр\прога\project\game111\build\debug\main.obj
d:\todo\рт\4 семестр\прога\project\game111\build\debug\sprite.obj
d:\todo\рт\4 семестр\прога\project\game111\build\debug\staticobj.obj
d:\todo\рт\4 семестр\прога\project\game111\build\debug\vector2f.obj
d:\todo\рт\4 семестр\прога\project\game111\build\debug\vc120.idb
d:\todo\рт\4 семестр\прога\project\game111\build\debug\vc120.pdb
d:\todo\рт\4 семестр\прога\project\game111\project\..\bin\game.pdb
d:\todo\рт\4 семестр\прога\project\game111\project\..\bin\game.exe
d:\todo\рт\4 семестр\прога\project\game111\project\..\bin\game.ilk
d:\todo\рт\4 семестр\прога\project\game111\build\debug\game.tlog\cl.command.1.tlog
d:\todo\рт\4 семестр\прога\project\game111\build\debug\game.tlog\cl.read.1.tlog
d:\todo\рт\4 семестр\прога\project\game111\build\debug\game.tlog\cl.write.1.tlog
d:\todo\рт\4 семестр\прога\project\game111\build\debug\game.tlog\link.command.1.tlog
d:\todo\рт\4 семестр\прога\project\game111\build\debug\game.tlog\link.read.1.tlog
d:\todo\рт\4 семестр\прога\project\game111\build\debug\game.tlog\link.write.1.tlog
